\BOOKMARK [-1][]{part.1}{I Beginnings}{}% 1
\BOOKMARK [0][]{chapter.1}{Foundation}{part.1}% 2
\BOOKMARK [1][]{section.1.1}{Why Statistics Is Important}{chapter.1}% 3
\BOOKMARK [2][]{subsection.1.1.1}{Purpose of Statistics}{section.1.1}% 4
\BOOKMARK [2][]{subsection.1.1.2}{Definition of Statistics}{section.1.1}% 5
\BOOKMARK [1][]{section.1.2}{IVPPSS}{chapter.1}% 6
\BOOKMARK [2][]{subsection.1.2.1}{Definitions}{section.1.2}% 7
\BOOKMARK [2][]{subsection.1.2.2}{Performing an IVPPSS}{section.1.2}% 8
\BOOKMARK [2][]{subsection.1.2.3}{Sampling Variability, Again}{section.1.2}% 9
\BOOKMARK [1][]{section.1.3}{Variable Types}{chapter.1}% 10
\BOOKMARK [2][]{subsection.1.3.1}{Variable Definitions}{section.1.3}% 11
\BOOKMARK [1][]{section.1.4}{Homework Problems}{chapter.1}% 12
\BOOKMARK [0][]{chapter.2}{Data Production}{part.1}% 13
\BOOKMARK [1][]{section.2.1}{Experiments}{chapter.2}% 14
\BOOKMARK [2][]{subsection.2.1.1}{Single-factor Experiments}{section.2.1}% 15
\BOOKMARK [2][]{subsection.2.1.2}{Multi-factor Experiments}{section.2.1}% 16
\BOOKMARK [2][]{subsection.2.1.3}{Allocating Individuals}{section.2.1}% 17
\BOOKMARK [2][]{subsection.2.1.4}{Design Principles}{section.2.1}% 18
\BOOKMARK [1][]{section.2.2}{Observational Studies \205 Sampling}{chapter.2}% 19
\BOOKMARK [2][]{subsection.2.2.1}{Types of Sampling Designs}{section.2.2}% 20
\BOOKMARK [2][]{subsection.2.2.2}{Of What Value are Observational Studies?}{section.2.2}% 21
\BOOKMARK [1][]{section.2.3}{Homework Problems}{chapter.2}% 22
\BOOKMARK [0][]{chapter.3}{Getting Started with R}{part.1}% 23
\BOOKMARK [1][]{section.3.1}{Setting Up R and Helpers}{chapter.3}% 24
\BOOKMARK [1][]{section.3.2}{Working With R Basics}{chapter.3}% 25
\BOOKMARK [2][]{subsection.3.2.1}{Saving Results}{section.3.2}% 26
\BOOKMARK [2][]{subsection.3.2.2}{Expressions and Assignments}{section.3.2}% 27
\BOOKMARK [2][]{subsection.3.2.3}{Functions and Arguments}{section.3.2}% 28
\BOOKMARK [1][]{section.3.3}{Working With Data}{chapter.3}% 29
\BOOKMARK [2][]{subsection.3.3.1}{Data Types}{section.3.3}% 30
\BOOKMARK [2][]{subsection.3.3.2}{Entering Data}{section.3.3}% 31
\BOOKMARK [2][]{subsection.3.3.3}{Working With Data Frames}{section.3.3}% 32
\BOOKMARK [2][]{subsection.3.3.4}{Vectors}{section.3.3}% 33
\BOOKMARK [1][]{section.3.4}{Homework Problems}{chapter.3}% 34
\BOOKMARK [-1][]{part.2}{II Exploratory Data Analysis}{}% 35
\BOOKMARK [0][]{chapter.4}{Univariate EDA}{part.2}% 36
\BOOKMARK [1][]{section.4.1}{Quantitative Univariate EDA}{chapter.4}% 37
\BOOKMARK [2][]{subsection.4.1.1}{Histograms}{section.4.1}% 38
\BOOKMARK [2][]{subsection.4.1.2}{Interpreting Shape}{section.4.1}% 39
\BOOKMARK [2][]{subsection.4.1.3}{Interpreting Outliers}{section.4.1}% 40
\BOOKMARK [2][]{subsection.4.1.4}{Measures of Center}{section.4.1}% 41
\BOOKMARK [2][]{subsection.4.1.5}{Measures of Center in R}{section.4.1}% 42
\BOOKMARK [2][]{subsection.4.1.6}{Comparing the Median and Mean}{section.4.1}% 43
\BOOKMARK [2][]{subsection.4.1.7}{Measures of Dispersion}{section.4.1}% 44
\BOOKMARK [2][]{subsection.4.1.8}{Measures of Dispersion in R}{section.4.1}% 45
\BOOKMARK [2][]{subsection.4.1.9}{Overall Summaries}{section.4.1}% 46
\BOOKMARK [2][]{subsection.4.1.10}{Multiple Groups}{section.4.1}% 47
\BOOKMARK [1][]{section.4.2}{Categorical Univariate EDA}{chapter.4}% 48
\BOOKMARK [2][]{subsection.4.2.1}{Summary Tables}{section.4.2}% 49
\BOOKMARK [2][]{subsection.4.2.2}{Tables in R}{section.4.2}% 50
\BOOKMARK [2][]{subsection.4.2.3}{Bar Plots}{section.4.2}% 51
\BOOKMARK [1][]{section.4.3}{Example Interpretations}{chapter.4}% 52
\BOOKMARK [1][]{section.4.4}{Homework Problems}{chapter.4}% 53
\BOOKMARK [0][]{chapter.5}{Normal Distribution}{part.2}% 54
\BOOKMARK [1][]{section.5.1}{Characteristics}{chapter.5}% 55
\BOOKMARK [1][]{section.5.2}{Simple Areas Under the Curve}{chapter.5}% 56
\BOOKMARK [1][]{section.5.3}{Forward Calculations}{chapter.5}% 57
\BOOKMARK [1][]{section.5.4}{Reverse Calculations}{chapter.5}% 58
\BOOKMARK [2][]{subsection.5.4.1}{Distinguish Calculation Types}{section.5.4}% 59
\BOOKMARK [1][]{section.5.5}{Standardization and Z-Scores}{chapter.5}% 60
\BOOKMARK [1][]{section.5.6}{Homework Problems}{chapter.5}% 61
\BOOKMARK [0][]{chapter.6}{Bivariate EDA}{part.2}% 62
\BOOKMARK [1][]{section.6.1}{Quantitative Bivariate EDA}{chapter.6}% 63
\BOOKMARK [2][]{subsection.6.1.1}{Scatterplots}{section.6.1}% 64
\BOOKMARK [2][]{subsection.6.1.2}{Scatterplots in R}{section.6.1}% 65
\BOOKMARK [2][]{subsection.6.1.3}{Meaning and Interpretation I}{section.6.1}% 66
\BOOKMARK [2][]{subsection.6.1.4}{Correlation}{section.6.1}% 67
\BOOKMARK [2][]{subsection.6.1.5}{Correlations in R}{section.6.1}% 68
\BOOKMARK [2][]{subsection.6.1.6}{Meaning and Interpretation II}{section.6.1}% 69
\BOOKMARK [1][]{section.6.2}{Categorical Bivariate EDA}{chapter.6}% 70
\BOOKMARK [2][]{subsection.6.2.1}{Frequency Tables}{section.6.2}% 71
\BOOKMARK [2][]{subsection.6.2.2}{Percentage Tables}{section.6.2}% 72
\BOOKMARK [2][]{subsection.6.2.3}{Which Table?}{section.6.2}% 73
\BOOKMARK [2][]{subsection.6.2.4}{Tables in R}{section.6.2}% 74
\BOOKMARK [1][]{section.6.3}{Homework Problems}{chapter.6}% 75
\BOOKMARK [0][]{chapter.7}{Linear Regression}{part.2}% 76
\BOOKMARK [1][]{section.7.1}{Response and Explanatory Variables}{chapter.7}% 77
\BOOKMARK [1][]{section.7.2}{Slope \046 Intercept}{chapter.7}% 78
\BOOKMARK [1][]{section.7.3}{Predictions and Residuals}{chapter.7}% 79
\BOOKMARK [1][]{section.7.4}{Best-fit Criteria}{chapter.7}% 80
\BOOKMARK [1][]{section.7.5}{Assumptions}{chapter.7}% 81
\BOOKMARK [1][]{section.7.6}{Coefficient of Determination}{chapter.7}% 82
\BOOKMARK [1][]{section.7.7}{Examples I}{chapter.7}% 83
\BOOKMARK [1][]{section.7.8}{Regression in R}{chapter.7}% 84
\BOOKMARK [1][]{section.7.9}{Examples II}{chapter.7}% 85
\BOOKMARK [1][]{section.7.10}{Homework Problems}{chapter.7}% 86
\BOOKMARK [-1][]{part.3}{III Inference Concepts}{}% 87
\BOOKMARK [0][]{chapter.8}{Probability Introduction}{part.3}% 88
\BOOKMARK [1][]{section.8.1}{Homework Problems}{chapter.8}% 89
\BOOKMARK [0][]{chapter.9}{Sampling Distributions}{part.3}% 90
\BOOKMARK [1][]{section.9.1}{Definition and Characteristics}{chapter.9}% 91
\BOOKMARK [2][]{subsection.9.1.1}{Critical Distinction}{section.9.1}% 92
\BOOKMARK [2][]{subsection.9.1.2}{Dependencies}{section.9.1}% 93
\BOOKMARK [1][]{section.9.2}{Simulating}{chapter.9}% 94
\BOOKMARK [1][]{section.9.3}{Accuracy and Precision}{chapter.9}% 95
\BOOKMARK [1][]{section.9.4}{Central Limit Theorem}{chapter.9}% 96
\BOOKMARK [2][]{subsection.9.4.1}{Exploring CLT}{section.9.4}% 97
\BOOKMARK [2][]{subsection.9.4.2}{Probability Calculations}{section.9.4}% 98
\BOOKMARK [2][]{subsection.9.4.3}{Calculation Considerations}{section.9.4}% 99
\BOOKMARK [1][]{section.9.5}{Homework Problems}{chapter.9}% 100
\BOOKMARK [0][]{chapter.10}{Inference Concepts}{part.3}% 101
\BOOKMARK [1][]{section.10.1}{Hypothesis Testing}{chapter.10}% 102
\BOOKMARK [2][]{subsection.10.1.1}{The Hypotheses}{section.10.1}% 103
\BOOKMARK [2][]{subsection.10.1.2}{Concept}{section.10.1}% 104
\BOOKMARK [2][]{subsection.10.1.3}{Effect Size Type Calculations}{section.10.1}% 105
\BOOKMARK [2][]{subsection.10.1.4}{Summary of Concept}{section.10.1}% 106
\BOOKMARK [2][]{subsection.10.1.5}{Errors and Power}{section.10.1}% 107
\BOOKMARK [1][]{section.10.2}{Confidence Regions}{chapter.10}% 108
\BOOKMARK [2][]{subsection.10.2.1}{Concept}{section.10.2}% 109
\BOOKMARK [2][]{subsection.10.2.2}{Construction}{section.10.2}% 110
\BOOKMARK [1][]{section.10.3}{Inference Type Relationship}{chapter.10}% 111
\BOOKMARK [1][]{section.10.4}{Precision and Sample Size}{chapter.10}% 112
\BOOKMARK [1][]{section.10.5}{11-Steps of Hypothesis Testing}{chapter.10}% 113
\BOOKMARK [1][]{section.10.6}{One-Sample Z-test}{chapter.10}% 114
\BOOKMARK [2][]{subsection.10.6.1}{Specifics}{section.10.6}% 115
\BOOKMARK [2][]{subsection.10.6.2}{One-Sample Z-test in R}{section.10.6}% 116
\BOOKMARK [1][]{section.10.7}{Homework Problems}{chapter.10}% 117
\BOOKMARK [-1][]{part.4}{IV Specific Hypothesis Tests}{}% 118
\BOOKMARK [0][]{chapter.11}{t-tests for Quantitative Data}{part.4}% 119
\BOOKMARK [1][]{section.11.1}{t-distribution}{chapter.11}% 120
\BOOKMARK [1][]{section.11.2}{One-Sample t-test}{chapter.11}% 121
\BOOKMARK [2][]{subsection.11.2.1}{Specifics}{section.11.2}% 122
\BOOKMARK [2][]{subsection.11.2.2}{One-Sample t-test in R}{section.11.2}% 123
\BOOKMARK [1][]{section.11.3}{Two-Sample t-test}{chapter.11}% 124
\BOOKMARK [2][]{subsection.11.3.1}{Specifics}{section.11.3}% 125
\BOOKMARK [2][]{subsection.11.3.2}{Testing Variances}{section.11.3}% 126
\BOOKMARK [2][]{subsection.11.3.3}{Two-Sample t-tests in R}{section.11.3}% 127
\BOOKMARK [1][]{section.11.4}{Homework Problems}{chapter.11}% 128
\BOOKMARK [0][]{chapter.12}{Chi-square Tests}{part.4}% 129
\BOOKMARK [1][]{section.12.1}{Chi-square Distribution}{chapter.12}% 130
\BOOKMARK [1][]{section.12.2}{Goodness-of-Fit Test}{chapter.12}% 131
\BOOKMARK [2][]{subsection.12.2.1}{The Hypotheses}{section.12.2}% 132
\BOOKMARK [2][]{subsection.12.2.2}{The Tables}{section.12.2}% 133
\BOOKMARK [2][]{subsection.12.2.3}{Specifics}{section.12.2}% 134
\BOOKMARK [2][]{subsection.12.2.4}{Goodness-of-Fit Test in R}{section.12.2}% 135
\BOOKMARK [1][]{section.12.3}{Chi-Square Test}{chapter.12}% 136
\BOOKMARK [2][]{subsection.12.3.1}{Hypotheses}{section.12.3}% 137
\BOOKMARK [2][]{subsection.12.3.2}{Tables}{section.12.3}% 138
\BOOKMARK [2][]{subsection.12.3.3}{Specifics}{section.12.3}% 139
\BOOKMARK [2][]{subsection.12.3.4}{Chi-Square Test in R}{section.12.3}% 140
\BOOKMARK [1][]{section.12.4}{Homework Problems}{chapter.12}% 141
