This is pdfTeX, Version 3.14159265-2.6-1.40.20 (MiKTeX 2.9.7250 64-bit) (preloaded format=pdflatex 2019.12.3)  12 JUN 2020 13:14
entering extended mode
**./IntroStats.tex
(IntroStats.tex
LaTeX2e <2019-10-01> patch level 3
("C:\Program Files\MiKTeX 2.9\tex/latex/base\book.cls"
Document Class: book 2019/10/25 v1.4k Standard LaTeX document class
("C:\Program Files\MiKTeX 2.9\tex/latex/base\bk10.clo"
File: bk10.clo 2019/10/25 v1.4k Standard LaTeX file (size option)
)
\c@part=\count80
\c@chapter=\count81
\c@section=\count82
\c@subsection=\count83
\c@subsubsection=\count84
\c@paragraph=\count85
\c@subparagraph=\count86
\c@figure=\count87
\c@table=\count88
\abovecaptionskip=\skip41
\belowcaptionskip=\skip42
\bibindent=\dimen102
)
("C:\Program Files\MiKTeX 2.9\tex/latex/graphics\graphicx.sty"
Package: graphicx 2017/06/01 v1.1a Enhanced LaTeX Graphics (DPC,SPQR)

("C:\Program Files\MiKTeX 2.9\tex/latex/graphics\keyval.sty"
Package: keyval 2014/10/28 v1.15 key=value parser (DPC)
\KV@toks@=\toks14
)
("C:\Program Files\MiKTeX 2.9\tex/latex/graphics\graphics.sty"
Package: graphics 2019/11/01 v1.3d Standard LaTeX Graphics (DPC,SPQR)

("C:\Program Files\MiKTeX 2.9\tex/latex/graphics\trig.sty"
Package: trig 2016/01/03 v1.10 sin cos tan (DPC)
)
("C:\Program Files\MiKTeX 2.9\tex/latex/graphics-cfg\graphics.cfg"
File: graphics.cfg 2016/06/04 v1.11 sample graphics configuration
)
Package graphics Info: Driver file: pdftex.def on input line 105.

("C:\Program Files\MiKTeX 2.9\tex/latex/graphics-def\pdftex.def"
File: pdftex.def 2018/01/08 v1.0l Graphics/color driver for pdftex
))
\Gin@req@height=\dimen103
\Gin@req@width=\dimen104
)
("C:\Program Files\MiKTeX 2.9\tex/latex/graphics\color.sty"
Package: color 2016/07/10 v1.1e Standard LaTeX Color (DPC)

("C:\Program Files\MiKTeX 2.9\tex/latex/graphics-cfg\color.cfg"
File: color.cfg 2016/01/02 v1.6 sample color configuration
)
Package color Info: Driver file: pdftex.def on input line 147.
)
(C:\Users\dogle\AppData\Roaming\MiKTeX\2.9\tex/latex/framed\framed.sty
Package: framed 2011/10/22 v 0.96: framed or shaded text with page breaks
\OuterFrameSep=\skip43
\fb@frw=\dimen105
\fb@frh=\dimen106
\FrameRule=\dimen107
\FrameSep=\dimen108
)
("C:\Program Files\MiKTeX 2.9\tex/latex/base\alltt.sty"
Package: alltt 1997/06/16 v2.0g defines alltt environment
)
(c:/aaaWork/zGnrlLatex/BookPreamble.tex
("C:\Program Files\MiKTeX 2.9\tex/latex/amsfonts\amssymb.sty"
Package: amssymb 2013/01/14 v3.01 AMS font symbols

("C:\Program Files\MiKTeX 2.9\tex/latex/amsfonts\amsfonts.sty"
Package: amsfonts 2013/01/14 v3.01 Basic AMSFonts support
\@emptytoks=\toks15
\symAMSa=\mathgroup4
\symAMSb=\mathgroup5
LaTeX Font Info:    Redeclaring math symbol \hbar on input line 98.
LaTeX Font Info:    Overwriting math alphabet `\mathfrak' in version `bold'
(Font)                  U/euf/m/n --> U/euf/b/n on input line 106.
))
("C:\Program Files\MiKTeX 2.9\tex/latex/amsmath\amsmath.sty"
Package: amsmath 2019/11/16 v2.17d AMS math features
\@mathmargin=\skip44

For additional information on amsmath, use the `?' option.
("C:\Program Files\MiKTeX 2.9\tex/latex/amsmath\amstext.sty"
Package: amstext 2000/06/29 v2.01 AMS text

("C:\Program Files\MiKTeX 2.9\tex/latex/amsmath\amsgen.sty"
File: amsgen.sty 1999/11/30 v2.0 generic functions
\@emptytoks=\toks16
\ex@=\dimen109
))
("C:\Program Files\MiKTeX 2.9\tex/latex/amsmath\amsbsy.sty"
Package: amsbsy 1999/11/29 v1.2d Bold Symbols
\pmbraise@=\dimen110
)
("C:\Program Files\MiKTeX 2.9\tex/latex/amsmath\amsopn.sty"
Package: amsopn 2016/03/08 v2.02 operator names
)
\inf@bad=\count89
LaTeX Info: Redefining \frac on input line 227.
\uproot@=\count90
\leftroot@=\count91
LaTeX Info: Redefining \overline on input line 389.
\classnum@=\count92
\DOTSCASE@=\count93
LaTeX Info: Redefining \ldots on input line 486.
LaTeX Info: Redefining \dots on input line 489.
LaTeX Info: Redefining \cdots on input line 610.
\Mathstrutbox@=\box27
\strutbox@=\box28
\big@size=\dimen111
LaTeX Font Info:    Redeclaring font encoding OML on input line 733.
LaTeX Font Info:    Redeclaring font encoding OMS on input line 734.
\macc@depth=\count94
\c@MaxMatrixCols=\count95
\dotsspace@=\muskip10
\c@parentequation=\count96
\dspbrk@lvl=\count97
\tag@help=\toks17
\row@=\count98
\column@=\count99
\maxfields@=\count100
\andhelp@=\toks18
\eqnshift@=\dimen112
\alignsep@=\dimen113
\tagshift@=\dimen114
\tagwidth@=\dimen115
\totwidth@=\dimen116
\lineht@=\dimen117
\@envbody=\toks19
\multlinegap=\skip45
\multlinetaggap=\skip46
\mathdisplay@stack=\toks20
LaTeX Info: Redefining \[ on input line 2858.
LaTeX Info: Redefining \] on input line 2859.
)
("C:\Program Files\MiKTeX 2.9\tex/latex/base\makeidx.sty"
Package: makeidx 2014/09/29 v1.0m Standard LaTeX package
)
(C:\Users\dogle\AppData\Roaming\MiKTeX\2.9\tex/latex/tocloft\tocloft.sty
Package: tocloft 2017/08/31 v2.3i parameterised ToC, etc., typesetting
Package tocloft Info: The document has chapter divisions on input line 51.
\cftparskip=\skip47
\cftbeforetoctitleskip=\skip48
\cftaftertoctitleskip=\skip49
\cftbeforepartskip=\skip50
\cftpartnumwidth=\skip51
\cftpartindent=\skip52
\cftbeforechapskip=\skip53
\cftchapindent=\skip54
\cftchapnumwidth=\skip55
\cftbeforesecskip=\skip56
\cftsecindent=\skip57
\cftsecnumwidth=\skip58
\cftbeforesubsecskip=\skip59
\cftsubsecindent=\skip60
\cftsubsecnumwidth=\skip61
\cftbeforesubsubsecskip=\skip62
\cftsubsubsecindent=\skip63
\cftsubsubsecnumwidth=\skip64
\cftbeforeparaskip=\skip65
\cftparaindent=\skip66
\cftparanumwidth=\skip67
\cftbeforesubparaskip=\skip68
\cftsubparaindent=\skip69
\cftsubparanumwidth=\skip70
\cftbeforeloftitleskip=\skip71
\cftafterloftitleskip=\skip72
\cftbeforefigskip=\skip73
\cftfigindent=\skip74
\cftfignumwidth=\skip75
\c@lofdepth=\count101
\c@lotdepth=\count102
\cftbeforelottitleskip=\skip76
\cftafterlottitleskip=\skip77
\cftbeforetabskip=\skip78
\cfttabindent=\skip79
\cfttabnumwidth=\skip80
)
(C:\Users\dogle\AppData\Roaming\MiKTeX\2.9\tex/latex/fncychap\fncychap.sty
Package: fncychap 2007/07/30 v1.34 LaTeX package (Revised chapters)
\RW=\skip81
\mylen=\skip82
\myhi=\skip83
\px=\skip84
\py=\skip85
\pyy=\skip86
\pxx=\skip87
)
(C:\Users\dogle\AppData\Roaming\MiKTeX\2.9\tex/latex/ccaption\ccaption.sty
Package: ccaption 2011/08/07 v3.2c Extended captioning and new floats
\@contcwidth=\skip88
\@contindw=\skip89
\abovelegendskip=\skip90
\belowlegendskip=\skip91
\c@newflo@tctr=\count103
)
(C:\Users\dogle\AppData\Roaming\MiKTeX\2.9\tex/latex/minitoc\minitoc.sty
Package: minitoc 2018/07/12 v62 Package minitoc

(C:\Users\dogle\AppData\Roaming\MiKTeX\2.9\tex/latex/minitoc\mtcmess.sty
Package: mtcmess 2006/03/14
)
Package minitoc Info: I0001
(minitoc)             *** minitoc package, version 62 ***.
\tf@mtc=\write3
\mtcindent=\skip92
\mtcskipamount=\skip93
Package minitoc Info: I0005
(minitoc)             compatible with hyperref.
Package minitoc Info: I0023
(minitoc)             part level macros available.
Package minitoc Info: I0003
(minitoc)             chapter level macros available.
\mtc@toks=\toks21
\mtc@strutbox=\box29
\mtc@hstrutbox=\box30
Package minitoc Info: I0002
(minitoc)             Autoconfiguration of extensions.
\openout3 = `IntroStats.mtc0'.

\openout3 = `IntroStats.mtc'.


(IntroStats.mtc0)
Package minitoc Info: I0012
(minitoc)             Long extensions (Unix-like) will be used.
Package minitoc Info: I0031
(minitoc)             ==> this version is configured for UNIX-like 
(minitoc)                 (long extensions) file names.
\openout3 = `IntroStats.mtc'.

\openout3 = `IntroStats.mtc0'.

\c@mtc=\count104
\c@minitocdepth=\count105
\c@ptc=\count106
\c@parttocdepth=\count107
\ptcindent=\skip94
Package minitoc Info: I0010
(minitoc)             The english language is selected.
(minitoc)              on input line 4910.

(C:\Users\dogle\AppData\Roaming\MiKTeX\2.9\tex/latex/minitoc\english.mld
File: english.mld 2006/01/13
)
(C:\Users\dogle\AppData\Roaming\MiKTeX\2.9\tex/latex/minitoc\english.mld
File: english.mld 2006/01/13
))
(C:\Users\dogle\AppData\Roaming\MiKTeX\2.9\tex/latex/lettrine\lettrine.sty
File: lettrine.sty 2019-04-06 v2.22 (Daniel Flipo)

(C:\Users\dogle\AppData\Roaming\MiKTeX\2.9\tex/generic/minifp\minifp.sty
Package: minifp 2013/12/30 v0.96. Macros for real number operations and a stack
-based programing language.
\MFP@loopctr=\count108
)
\c@DefaultLines=\count109
\c@DefaultDepth=\count110
\DefaultFindent=\dimen118
\DefaultNindent=\dimen119
\DefaultSlope=\dimen120
\DiscardVskip=\dimen121
\L@lbox=\box31
\L@tbox=\box32
\c@L@lines=\count111
\c@L@depth=\count112
\L@Pindent=\dimen122
\L@Findent=\dimen123
\L@Nindent=\dimen124
\L@lraise=\dimen125
\L@first=\dimen126
\L@next=\dimen127
\L@slope=\dimen128
\L@height=\dimen129
\L@novskip=\dimen130
\L@target@ht=\dimen131
\L@target@dp=\dimen132
\L@target@tht=\dimen133
\LettrineWidth=\dimen134
\LettrineHeight=\dimen135
\LettrineDepth=\dimen136
\Llist@everypar=\toks22

Loading lettrine.cfg
(C:\Users\dogle\AppData\Roaming\MiKTeX\2.9\tex/latex/lettrine\lettrine.cfg))
(C:\Users\dogle\AppData\Roaming\MiKTeX\2.9\tex/latex/fancyhdr\fancyhdr.sty
Package: fancyhdr 2019/01/31 v3.10 Extensive control of page headers and footer
s
\f@nch@headwidth=\skip95
\f@nch@O@elh=\skip96
\f@nch@O@erh=\skip97
\f@nch@O@olh=\skip98
\f@nch@O@orh=\skip99
\f@nch@O@elf=\skip100
\f@nch@O@erf=\skip101
\f@nch@O@olf=\skip102
\f@nch@O@orf=\skip103
)
(C:\Users\dogle\AppData\Roaming\MiKTeX\2.9\tex/latex/fancybox\fancybox.sty
Package: fancybox 2010/05/15 1.4

Style option: `fancybox' v1.4 <2010/05/15> (tvz)
\@fancybox=\box33
\shadowsize=\dimen137
\@Sbox=\box34
\do@VerbBox=\toks23
\the@fancyput=\toks24
\this@fancyput=\toks25
\EndVerbatimTokens=\toks26
\Verbatim@Outfile=\write4
\Verbatim@Infile=\read1
) (C:\Users\dogle\AppData\Roaming\MiKTeX\2.9\tex/latex/fancyvrb\fancyvrb.sty
Package: fancyvrb 2019/11/09

Style option: `fancyvrb' v3.4 <2019/11/09> (tvz)
\FV@CodeLineNo=\count113
\FV@InFile=\read2
\FV@TabBox=\box35
\c@FancyVerbLine=\count114
\FV@StepNumber=\count115
\FV@OutFile=\write5
LaTeX Info: Redefining \UseVerb on input line 1203.
)
("C:\Program Files\MiKTeX 2.9\tex/latex/base\flafter.sty"
Package: flafter 2018/11/28 v1.4d Standard LaTeX floats after reference (FMi)
Applying: [2015/01/01] float order in 2-column on input line 49.
Already applied: [0000/00/00] float order in 2-column on input line 151.
)
("C:\Program Files\MiKTeX 2.9\tex/latex/colortbl\colortbl.sty"
Package: colortbl 2018/12/12 v1.0d Color table columns (DPC)

("C:\Program Files\MiKTeX 2.9\tex/latex/tools\array.sty"
Package: array 2019/08/31 v2.4l Tabular extension package (FMi)
\col@sep=\dimen138
\ar@mcellbox=\box36
\extrarowheight=\dimen139
\NC@list=\toks27
\extratabsurround=\skip104
\backup@length=\skip105
\ar@cellbox=\box37
)
\everycr=\toks28
\minrowclearance=\skip106
)
("C:\Program Files\MiKTeX 2.9\tex/latex/tools\longtable.sty"
Package: longtable 2019/02/06 v4.12 Multi-page Table package (DPC)
\LTleft=\skip107
\LTright=\skip108
\LTpre=\skip109
\LTpost=\skip110
\LTchunksize=\count116
\LTcapwidth=\dimen140
\LT@head=\box38
\LT@firsthead=\box39
\LT@foot=\box40
\LT@lastfoot=\box41
\LT@cols=\count117
\LT@rows=\count118
\c@LT@tables=\count119
\c@LT@chunks=\count120
\LT@p@ftn=\toks29
)
(C:\Users\dogle\AppData\Roaming\MiKTeX\2.9\tex/latex/natbib\natbib.sty
Package: natbib 2010/09/13 8.31b (PWD, AO)
\bibhang=\skip111
\bibsep=\skip112
LaTeX Info: Redefining \cite on input line 694.
\c@NAT@ctr=\count121
)
("C:\Program Files\MiKTeX 2.9\tex/latex/graphics\rotating.sty"
Package: rotating 2016/08/11 v2.16d rotated objects in LaTeX

("C:\Program Files\MiKTeX 2.9\tex/latex/base\ifthen.sty"
Package: ifthen 2014/09/29 v1.1c Standard LaTeX ifthen package (DPC)
)
\c@r@tfl@t=\count122
\rotFPtop=\skip113
\rotFPbot=\skip114
\rot@float@box=\box42
\rot@mess@toks=\toks30
)
("C:\Program Files\MiKTeX 2.9\tex/latex/hyperref\hyperref.sty"
Package: hyperref 2019/11/10 v7.00c Hypertext links for LaTeX

("C:\Program Files\MiKTeX 2.9\tex/generic/oberdiek\ltxcmds.sty"
Package: ltxcmds 2016/05/16 v1.23 LaTeX kernel commands for general use (HO)
)
(C:\Users\dogle\AppData\Roaming\MiKTeX\2.9\tex/generic/iftex\iftex.sty
Package: iftex 2019/11/07 v1.0c TeX engine tests
)
(C:\Users\dogle\AppData\Roaming\MiKTeX\2.9\tex/latex/pdftexcmds\pdftexcmds.sty
Package: pdftexcmds 2019/11/24 v0.31 Utility functions of pdfTeX for LuaTeX (HO
)

("C:\Program Files\MiKTeX 2.9\tex/generic/oberdiek\infwarerr.sty"
Package: infwarerr 2016/05/16 v1.4 Providing info/warning/error messages (HO)
)
Package pdftexcmds Info: \pdf@primitive is available.
Package pdftexcmds Info: \pdf@ifprimitive is available.
Package pdftexcmds Info: \pdfdraftmode found.
)
("C:\Program Files\MiKTeX 2.9\tex/generic/oberdiek\kvsetkeys.sty"
Package: kvsetkeys 2016/05/16 v1.17 Key value parser (HO)

("C:\Program Files\MiKTeX 2.9\tex/generic/oberdiek\etexcmds.sty"
Package: etexcmds 2016/05/16 v1.6 Avoid name clashes with e-TeX commands (HO)

(C:\Users\dogle\AppData\Roaming\MiKTeX\2.9\tex/generic/iftex\ifluatex.sty
Package: ifluatex 2019/10/25 v1.5 ifluatex legacy package. Use iftex instead.
)))
("C:\Program Files\MiKTeX 2.9\tex/generic/oberdiek\kvdefinekeys.sty"
Package: kvdefinekeys 2016/05/16 v1.4 Define keys (HO)
)
("C:\Program Files\MiKTeX 2.9\tex/generic/oberdiek\pdfescape.sty"
Package: pdfescape 2016/05/16 v1.14 Implements pdfTeX's escape features (HO)
)
("C:\Program Files\MiKTeX 2.9\tex/latex/oberdiek\hycolor.sty"
Package: hycolor 2016/05/16 v1.8 Color options for hyperref/bookmark (HO)

("C:\Program Files\MiKTeX 2.9\tex/latex/oberdiek\xcolor-patch.sty"
Package: xcolor-patch 2016/05/16 xcolor patch

("C:\Program Files\MiKTeX 2.9\tex/latex/oberdiek\hopatch.sty"
Package: hopatch 2016/05/16 v1.3 Wrapper for package hooks (HO)
)))
("C:\Program Files\MiKTeX 2.9\tex/latex/oberdiek\letltxmacro.sty"
Package: letltxmacro 2016/05/16 v1.5 Let assignment for LaTeX macros (HO)
)
("C:\Program Files\MiKTeX 2.9\tex/latex/oberdiek\auxhook.sty"
Package: auxhook 2016/05/16 v1.4 Hooks for auxiliary files (HO)
)
(C:\Users\dogle\AppData\Roaming\MiKTeX\2.9\tex/latex/kvoptions\kvoptions.sty
Package: kvoptions 2019/11/29 v3.13 Key value format for package options (HO)
)
\@linkdim=\dimen141
\Hy@linkcounter=\count123
\Hy@pagecounter=\count124

("C:\Program Files\MiKTeX 2.9\tex/latex/hyperref\pd1enc.def"
File: pd1enc.def 2019/11/10 v7.00c Hyperref: PDFDocEncoding definition (HO)
Now handling font encoding PD1 ...
... no UTF-8 mapping file for font encoding PD1
)
("C:\Program Files\MiKTeX 2.9\tex/generic/oberdiek\intcalc.sty"
Package: intcalc 2016/05/16 v1.2 Expandable calculations with integers (HO)
)
\Hy@SavedSpaceFactor=\count125

("C:\Program Files\MiKTeX 2.9\tex/latex/00miktex\hyperref.cfg"
File: hyperref.cfg 2002/06/06 v1.2 hyperref configuration of TeXLive
)
Package hyperref Info: Hyper figures OFF on input line 4535.
Package hyperref Info: Link nesting OFF on input line 4540.
Package hyperref Info: Hyper index ON on input line 4543.
Package hyperref Info: Plain pages OFF on input line 4550.
Package hyperref Info: Backreferencing ON on input line 4553.
Package hyperref Info: Implicit mode ON; LaTeX internals redefined.
Package hyperref Info: Bookmarks ON on input line 4788.

("C:\Program Files\MiKTeX 2.9\tex/latex/hyperref\backref.sty"
Package: backref 2016/05/21 v1.39 Bibliographical back referencing

("C:\Program Files\MiKTeX 2.9\tex/latex/oberdiek\rerunfilecheck.sty"
Package: rerunfilecheck 2016/05/16 v1.8 Rerun checks for auxiliary files (HO)

("C:\Program Files\MiKTeX 2.9\tex/latex/oberdiek\atveryend.sty"
Package: atveryend 2016/05/16 v1.9 Hooks at the very end of document (HO)
Package atveryend Info: \enddocument detected (standard20110627).
)
("C:\Program Files\MiKTeX 2.9\tex/generic/oberdiek\uniquecounter.sty"
Package: uniquecounter 2016/05/16 v1.3 Provide unlimited unique counter (HO)

("C:\Program Files\MiKTeX 2.9\tex/generic/oberdiek\bigintcalc.sty"
Package: bigintcalc 2016/05/16 v1.4 Expandable calculations on big integers (HO
)
))
Package uniquecounter Info: New unique counter `rerunfilecheck' on input line 2
86.
))
\c@Hy@tempcnt=\count126

(C:\Users\dogle\AppData\Roaming\MiKTeX\2.9\tex/latex/url\url.sty
\Urlmuskip=\muskip11
Package: url 2013/09/16  ver 3.4  Verb mode for urls, etc.
)
LaTeX Info: Redefining \url on input line 5147.
\XeTeXLinkMargin=\dimen142

("C:\Program Files\MiKTeX 2.9\tex/generic/oberdiek\bitset.sty"
Package: bitset 2016/05/16 v1.2 Handle bit-vector datatype (HO)
)
\Fld@menulength=\count127
\Field@Width=\dimen143
\Fld@charsize=\dimen144
Package hyperref Info: Hyper figures OFF on input line 6418.
Package hyperref Info: Link nesting OFF on input line 6423.
Package hyperref Info: Hyper index ON on input line 6426.
Package hyperref Info: backreferencing ON on input line 6431.
Package hyperref Info: Link coloring OFF on input line 6438.
Package hyperref Info: Link coloring with OCG OFF on input line 6443.
Package hyperref Info: PDF/A mode OFF on input line 6448.
LaTeX Info: Redefining \ref on input line 6488.
LaTeX Info: Redefining \pageref on input line 6492.

("C:\Program Files\MiKTeX 2.9\tex/generic/oberdiek\atbegshi.sty"
Package: atbegshi 2016/06/09 v1.18 At begin shipout hook (HO)

(C:\Users\dogle\AppData\Roaming\MiKTeX\2.9\tex/generic/iftex\ifpdf.sty
Package: ifpdf 2019/10/25 v3.4 ifpdf legacy package. Use iftex instead.
))
\Hy@abspage=\count128
\c@Item=\count129
\c@Hfootnote=\count130
)
Package hyperref Info: Driver (autodetected): hpdftex.

("C:\Program Files\MiKTeX 2.9\tex/latex/hyperref\hpdftex.def"
File: hpdftex.def 2019/11/10 v7.00c Hyperref driver for pdfTeX
\Fld@listcount=\count131
\c@bookmark@seq@number=\count132
\Hy@SectionHShift=\skip115
)
Package hyperref Info: Option `plainpages' set `false' on input line 49.
Package hyperref Info: Option `colorlinks' set `true' on input line 49.
Package hyperref Info: Option `bookmarksopen' set `true' on input line 49.
Package hyperref Info: Option `breaklinks' set `true' on input line 49.

(C:\Users\dogle\AppData\Roaming\MiKTeX\2.9\tex/latex/pdfcolmk\pdfcolmk.sty
Package: pdfcolmk 2019/11/24 v2.0 Color support for pdfTeX via marks
)
(picins.sty Option `picins' Version 3.0 Sep. 1992, TH Darmstadt/HRZ
\@BILD=\box43
\@TEXT=\box44
\d@breite=\dimen145
\d@hoehe=\dimen146
\d@xoff=\dimen147
\d@yoff=\dimen148
\d@shad=\dimen149
\d@dash=\dimen150
\d@boxl=\dimen151
\d@pichskip=\dimen152
\d@tmp=\dimen153
\d@tmpa=\dimen154
\d@bskip=\dimen155
\hsiz@=\dimen156
\p@getot@l=\dimen157
\c@breite=\count133
\c@hoehe=\count134
\c@xoff=\count135
\c@yoff=\count136
\c@pos=\count137
\c@shad=\count138
\c@dash=\count139
\c@boxl=\count140
\c@zeilen=\count141
\@changemode=\count142
\c@piccaption=\count143
\c@piccaptionpos=\count144
\c@picpos=\count145
\c@whole=\count146
\c@half=\count147
\c@tmp=\count148
\c@tmpa=\count149
\c@tmpb=\count150
\c@tmpc=\count151
\c@tmpd=\count152
\d@leftskip=\skip116
\ptoti=\dimen158
\ptotii=\dimen159
\env@box=\box45
\d@envdp=\dimen160
\c@hsize=\count153
\c@envdp=\count154
\d@envb=\dimen161
)
("C:\Program Files\MiKTeX 2.9\tex/latex/oberdiek\hypcap.sty"
Package: hypcap 2016/05/16 v1.12 Adjusting the anchors of captions (HO)
)
(C:\Users\dogle\AppData\Roaming\MiKTeX\2.9\tex/latex/footmisc\footmisc.sty
Package: footmisc 2011/06/06 v5.5b a miscellany of footnote facilities
\FN@temptoken=\toks31
\footnotemargin=\dimen162
\c@pp@next@reset=\count155
Package footmisc Info: Declaring symbol style bringhurst on input line 855.
Package footmisc Info: Declaring symbol style chicago on input line 863.
Package footmisc Info: Declaring symbol style wiley on input line 872.
Package footmisc Info: Declaring symbol style lamport-robust on input line 883.

Package footmisc Info: Declaring symbol style lamport* on input line 903.
Package footmisc Info: Declaring symbol style lamport*-robust on input line 924
.
)
\@indexfile=\write6
\openout6 = `IntroStats.idx'.


Writing index file IntroStats.idx
\c@example=\count156
\c@exsection=\count157
\c@hwprob=\count158
\c@saveenum=\count159
) (c:/aaaWork/zGnrlLatex/JustRPreamble.tex)
(C:\Users\dogle\AppData\Roaming\MiKTeX\2.9\tex/latex/animate\animate.sty
Package: animate 2019/11/05 PDF & SVG animations from files and inline graphics


("C:\Program Files\MiKTeX 2.9\tex/latex/xkeyval\xkeyval.sty"
Package: xkeyval 2014/12/03 v2.7a package option processing (HA)

("C:\Program Files\MiKTeX 2.9\tex/generic/xkeyval\xkeyval.tex"
("C:\Program Files\MiKTeX 2.9\tex/generic/xkeyval\xkvutils.tex"
\XKV@toks=\toks32
\XKV@tempa@toks=\toks33
)
\XKV@depth=\count160
File: xkeyval.tex 2014/12/03 v2.7a key=value parser (HA)
))
("C:\Program Files\MiKTeX 2.9\tex/latex/oberdiek\ifdraft.sty"
Package: ifdraft 2016/05/16 v1.4 Detect class options draft and final (HO)
)
("C:\Program Files\MiKTeX 2.9\tex/latex/tools\calc.sty"
Package: calc 2017/05/25 v4.3 Infix arithmetic (KKT,FJ)
\calc@Acount=\count161
\calc@Bcount=\count162
\calc@Adimen=\dimen163
\calc@Bdimen=\dimen164
\calc@Askip=\skip117
\calc@Bskip=\skip118
LaTeX Info: Redefining \setlength on input line 80.
LaTeX Info: Redefining \addtolength on input line 81.
\calc@Ccount=\count163
\calc@Cskip=\skip119
)
(C:\Users\dogle\AppData\Roaming\MiKTeX\2.9\tex/latex/zref\zref-abspage.sty
Package: zref-abspage 2020-03-03 v2.29 Module abspage for zref (HO)

(C:\Users\dogle\AppData\Roaming\MiKTeX\2.9\tex/latex/zref\zref-base.sty
Package: zref-base 2020-03-03 v2.29 Module base for zref (HO)
Package zref Info: New property list: main on input line 763.
Package zref Info: New property: default on input line 764.
Package zref Info: New property: page on input line 765.
)
\c@abspage=\count164
Package zref Info: New property: abspage on input line 66.
)
(C:\Users\dogle\AppData\Roaming\MiKTeX\2.9\tex/latex/media9\pdfbase.sty
(C:\Users\dogle\AppData\Roaming\MiKTeX\2.9\tex/latex/l3kernel\expl3.sty
Package: expl3 2019-11-07 L3 programming layer (loader) 

(C:\Users\dogle\AppData\Roaming\MiKTeX\2.9\tex/latex/l3kernel\expl3-code.tex
Package: expl3 2019-11-07 L3 programming layer (code)
\c_max_int=\count165
\l_tmpa_int=\count166
\l_tmpb_int=\count167
\g_tmpa_int=\count168
\g_tmpb_int=\count169
\l__seq_internal_a_int=\count170
\l__seq_internal_b_int=\count171
\g__kernel_prg_map_int=\count172
\c__ior_term_noprompt_ior=\count173
\c_log_iow=\count174
\l_iow_line_count_int=\count175
\l__iow_line_target_int=\count176
\l__iow_one_indent_int=\count177
\l__iow_indent_int=\count178
\c_zero_dim=\dimen165
\c_max_dim=\dimen166
\l_tmpa_dim=\dimen167
\l_tmpb_dim=\dimen168
\g_tmpa_dim=\dimen169
\g_tmpb_dim=\dimen170
\c_zero_skip=\skip120
\c_max_skip=\skip121
\l_tmpa_skip=\skip122
\l_tmpb_skip=\skip123
\g_tmpa_skip=\skip124
\g_tmpb_skip=\skip125
\c_zero_muskip=\muskip12
\c_max_muskip=\muskip13
\l_tmpa_muskip=\muskip14
\l_tmpb_muskip=\muskip15
\g_tmpa_muskip=\muskip16
\g_tmpb_muskip=\muskip17
\l_keys_choice_int=\count179
\l__intarray_loop_int=\count180
\c__intarray_sp_dim=\dimen171
\g__intarray_font_int=\count181
\c__fp_leading_shift_int=\count182
\c__fp_middle_shift_int=\count183
\c__fp_trailing_shift_int=\count184
\c__fp_big_leading_shift_int=\count185
\c__fp_big_middle_shift_int=\count186
\c__fp_big_trailing_shift_int=\count187
\c__fp_Bigg_leading_shift_int=\count188
\c__fp_Bigg_middle_shift_int=\count189
\c__fp_Bigg_trailing_shift_int=\count190
\c__kernel_randint_max_int=\count191
\g__fp_array_int=\count192
\l__fp_array_loop_int=\count193
\l__sort_length_int=\count194
\l__sort_min_int=\count195
\l__sort_top_int=\count196
\l__sort_max_int=\count197
\l__sort_true_max_int=\count198
\l__sort_block_int=\count199
\l__sort_begin_int=\count266
\l__sort_end_int=\count267
\l__sort_A_int=\count268
\l__sort_B_int=\count269
\l__sort_C_int=\count270
\l__str_internal_int=\count271
\c__str_replacement_char_int=\count272
\l__tl_analysis_normal_int=\count273
\l__tl_analysis_index_int=\count274
\l__tl_analysis_nesting_int=\count275
\l__tl_analysis_type_int=\count276
\l__regex_internal_a_int=\count277
\l__regex_internal_b_int=\count278
\l__regex_internal_c_int=\count279
\l__regex_balance_int=\count280
\l__regex_group_level_int=\count281
\l__regex_mode_int=\count282
\c__regex_cs_in_class_mode_int=\count283
\c__regex_cs_mode_int=\count284
\l__regex_catcodes_int=\count285
\l__regex_default_catcodes_int=\count286
\c__regex_catcode_D_int=\count287
\c__regex_catcode_S_int=\count288
\c__regex_catcode_L_int=\count289
\c__regex_catcode_O_int=\count290
\c__regex_catcode_A_int=\count291
\c__regex_all_catcodes_int=\count292
\l__regex_show_lines_int=\count293
\l__regex_min_state_int=\count294
\l__regex_max_state_int=\count295
\l__regex_left_state_int=\count296
\l__regex_right_state_int=\count297
\l__regex_capturing_group_int=\count298
\l__regex_min_pos_int=\count299
\l__regex_max_pos_int=\count300
\l__regex_curr_pos_int=\count301
\l__regex_start_pos_int=\count302
\l__regex_success_pos_int=\count303
\l__regex_curr_char_int=\count304
\l__regex_curr_catcode_int=\count305
\l__regex_last_char_int=\count306
\l__regex_case_changed_char_int=\count307
\l__regex_curr_state_int=\count308
\l__regex_step_int=\count309
\l__regex_min_active_int=\count310
\l__regex_max_active_int=\count311
\l__regex_replacement_csnames_int=\count312
\l__regex_match_count_int=\count313
\l__regex_min_submatch_int=\count314
\l__regex_submatch_int=\count315
\l__regex_zeroth_submatch_int=\count316
\g__regex_trace_regex_int=\count317
\c_empty_box=\box46
\l_tmpa_box=\box47
\l_tmpb_box=\box48
\g_tmpa_box=\box49
\g_tmpb_box=\box50
\l__box_top_dim=\dimen172
\l__box_bottom_dim=\dimen173
\l__box_left_dim=\dimen174
\l__box_right_dim=\dimen175
\l__box_top_new_dim=\dimen176
\l__box_bottom_new_dim=\dimen177
\l__box_left_new_dim=\dimen178
\l__box_right_new_dim=\dimen179
\l__box_internal_box=\box51
\l__coffin_internal_box=\box52
\l__coffin_internal_dim=\dimen180
\l__coffin_offset_x_dim=\dimen181
\l__coffin_offset_y_dim=\dimen182
\l__coffin_x_dim=\dimen183
\l__coffin_y_dim=\dimen184
\l__coffin_x_prime_dim=\dimen185
\l__coffin_y_prime_dim=\dimen186
\c_empty_coffin=\box53
\l__coffin_aligned_coffin=\box54
\l__coffin_aligned_internal_coffin=\box55
\l_tmpa_coffin=\box56
\l_tmpb_coffin=\box57
\g_tmpa_coffin=\box58
\g_tmpb_coffin=\box59
\l__coffin_bounding_shift_dim=\dimen187
\l__coffin_left_corner_dim=\dimen188
\l__coffin_right_corner_dim=\dimen189
\l__coffin_bottom_corner_dim=\dimen190
\l__coffin_top_corner_dim=\dimen191
\l__coffin_scaled_total_height_dim=\dimen192
\l__coffin_scaled_width_dim=\dimen193
\c__coffin_empty_coffin=\box60
\l__coffin_display_coffin=\box61
\l__coffin_display_coord_coffin=\box62
\l__coffin_display_pole_coffin=\box63
\l__coffin_display_offset_dim=\dimen194
\l__coffin_display_x_dim=\dimen195
\l__coffin_display_y_dim=\dimen196
\g__char_data_ior=\read3

(C:\Users\dogle\AppData\Roaming\MiKTeX\2.9\tex/latex/l3kernel\l3deprecation.def
File: l3deprecation.def 2019-04-06 v L3 Deprecated functions
))
(C:\Users\dogle\AppData\Roaming\MiKTeX\2.9\tex/latex/l3backend\l3backend-pdfmod
e.def
File: l3backend-pdfmode.def 2020-05-05 L3 backend support: PDF mode
\l__kernel_color_stack_int=\count318
\l__pdf_internal_box=\box64
))
(C:\Users\dogle\AppData\Roaming\MiKTeX\2.9\tex/latex/l3packages/l3keys2e\l3keys
2e.sty
Package: l3keys2e 2019-10-11 LaTeX2e option processing using LaTeX3 keys
)
Package: pdfbase 2019/11/04 v0.35 driver independent access to low-level PDF fe
atures
\g_pbs_page_int=\count319
\g_pbs_oc_int=\count320
) (C:\Users\dogle\AppData\Roaming\MiKTeX\2.9\tex/latex/ocgx2\ocgbase.sty
Package: ocgbase 2019/11/04 v0.17 support package for ocgx2.sty
\g_ocgbase_nd_int=\count321
)
\@anim@box=\box65
\@anim@measbox=\box66
\@anim@tmpdima=\dimen197
\@anim@tmpdimb=\dimen198
\@anim@num=\count322
\@anim@curframe=\count323
\@anim@curframe@zb=\count324
\@anim@resizeflags=\count325
\@anim@skipfram=\count326
\@anim@mulframecnt=\count327
\@anim@@tmlnfile=\read4
\@anim@tmpcnt=\count328
\c@@anim@ltxcnt=\count329
\@anim@curlayer=\count330
\@anim@lineno=\count331
\@anim@curfield=\count332
\@anim@@resizeflags=\count333
) (C:\Users\dogle\AppData\Roaming\MiKTeX\2.9\tex/latex/titlesec\titlesec.sty
Package: titlesec 2019/10/16 v2.13 Sectioning titles
\ttl@box=\box67
\beforetitleunit=\skip126
\aftertitleunit=\skip127
\ttl@plus=\dimen199
\ttl@minus=\dimen256
\ttl@toksa=\toks34
\titlewidth=\dimen257
\titlewidthlast=\dimen258
\titlewidthfirst=\dimen259
)
(C:\Users\dogle\AppData\Roaming\MiKTeX\2.9\tex/latex/upquote\upquote.sty
Package: upquote 2012/04/19 v1.3 upright-quote and grave-accent glyphs in verba
tim
)
(IntroStats.aux (FBMatter/FMatter.aux))
\openout1 = `IntroStats.aux'.

LaTeX Font Info:    Checking defaults for OML/cmm/m/it on input line 64.
LaTeX Font Info:    ... okay on input line 64.
LaTeX Font Info:    Checking defaults for T1/cmr/m/n on input line 64.
LaTeX Font Info:    ... okay on input line 64.
LaTeX Font Info:    Checking defaults for OT1/cmr/m/n on input line 64.
LaTeX Font Info:    ... okay on input line 64.
LaTeX Font Info:    Checking defaults for OMS/cmsy/m/n on input line 64.
LaTeX Font Info:    ... okay on input line 64.
LaTeX Font Info:    Checking defaults for OMX/cmex/m/n on input line 64.
LaTeX Font Info:    ... okay on input line 64.
LaTeX Font Info:    Checking defaults for U/cmr/m/n on input line 64.
LaTeX Font Info:    ... okay on input line 64.
LaTeX Font Info:    Checking defaults for PD1/pdf/m/n on input line 64.
LaTeX Font Info:    ... okay on input line 64.

(C:\Users\dogle\AppData\Roaming\MiKTeX\2.9\tex/context/base/mkii\supp-pdf.mkii
[Loading MPS to PDF converter (version 2006.09.02).]
\scratchcounter=\count334
\scratchdimen=\dimen260
\scratchbox=\box68
\nofMPsegments=\count335
\nofMParguments=\count336
\everyMPshowfont=\toks35
\MPscratchCnt=\count337
\MPscratchDim=\dimen261
\MPnumerator=\count338
\makeMPintoPDFobject=\count339
\everyMPtoPDFconversion=\toks36
)
(C:\Users\dogle\AppData\Roaming\MiKTeX\2.9\tex/latex/epstopdf-pkg\epstopdf-base
.sty
Package: epstopdf-base 2019-11-30 v2.9 Base part for package epstopdf
Package epstopdf-base Info: Redefining graphics rule for `.eps' on input line 4
85.
)
\c@minilofdepth=\count340
\c@minilotdepth=\count341
\c@partlofdepth=\count342
\c@partlotdepth=\count343
\c@sectlofdepth=\count344
\c@sectlotdepth=\count345
Package minitoc(hints) Info: I0049
(minitoc(hints))             ==> You requested the hints option. 
(minitoc(hints))             Some hints are eventually given below.
Package minitoc(hints) Info: I0047
(minitoc(hints))             --- The tocloft package is loaded. 
(minitoc(hints))             See the minitoc package documentation 
(minitoc(hints))             for specific precautions.


Package minitoc(hints) Warning: W0099
(minitoc(hints))                --- The titlesec package is loaded. 
(minitoc(hints))                It is incompatible 
(minitoc(hints))                with the minitoc package.


Package minitoc(hints) Warning: W0030
(minitoc(hints))                --- The \part command is altered 
(minitoc(hints))                after minitoc.


Package minitoc(hints) Warning: W0023
(minitoc(hints))                --- It may be the consequence 
(minitoc(hints))                of loading the ``hyperref'' package.


Package minitoc(hints) Warning: W0028
(minitoc(hints))                --- The \chapter command is altered 
(minitoc(hints))                after minitoc.


Package minitoc(hints) Warning: W0023
(minitoc(hints))                --- It may be the consequence 
(minitoc(hints))                of loading the ``hyperref'' package.

Package backref Info: ** backref set up for natbib ** on input line 64.
\AtBeginShipoutBox=\box69
Package hyperref Info: Link coloring ON on input line 64.
("C:\Program Files\MiKTeX 2.9\tex/latex/hyperref\nameref.sty"
Package: nameref 2019/09/16 v2.46 Cross-referencing by name of section

("C:\Program Files\MiKTeX 2.9\tex/latex/oberdiek\refcount.sty"
Package: refcount 2016/05/16 v3.5 Data extraction from label references (HO)
)
("C:\Program Files\MiKTeX 2.9\tex/generic/oberdiek\gettitlestring.sty"
Package: gettitlestring 2016/05/16 v1.5 Cleanup title references (HO)
)
\c@section@level=\count346
)
LaTeX Info: Redefining \ref on input line 64.
LaTeX Info: Redefining \pageref on input line 64.
LaTeX Info: Redefining \nameref on input line 64.
\@outlinefile=\write7
\openout7 = `IntroStats.out'.

\openout2 = `FBMatter/FMatter.aux'.


(FBMatter/FMatter.tex
Package minitoc Info: I0024
(minitoc)             PREPARING MINITOCS FROM IntroStats.toc on input line 3.
Package minitoc Info: I0033
(minitoc)             Writing IntroStats.mtc1.
\openout3 = `IntroStats.mtc1'.

\tf@toc=\write8
\openout8 = `IntroStats.toc'.

)
Module 1.
\openout3 = `IntroStats.mtc'.

\openout3 = `IntroStats.mtc'.

LaTeX Font Info:    Trying to load font information for U+msa on input line 97.

("C:\Program Files\MiKTeX 2.9\tex/latex/amsfonts\umsa.fd"
File: umsa.fd 2013/01/14 v3.01 AMS symbols A
)
LaTeX Font Info:    Trying to load font information for U+msb on input line 97.


("C:\Program Files\MiKTeX 2.9\tex/latex/amsfonts\umsb.fd"
File: umsb.fd 2013/01/14 v3.01 AMS symbols B
) (IntroStats.mtc1)
Package lettrine.sty Info: Targeted height = 17.13887pt
(lettrine.sty)             (no accent, loversize=0),
(lettrine.sty)             Lettrine height = 17.07045pt (S);
(lettrine.sty)             reported on input line 98.


LaTeX Warning: Reference `chap:UnivEDACat' on page 1 undefined on input line 98
.


LaTeX Warning: Reference `chap:BivEDACat' on page 1 undefined on input line 98.



LaTeX Warning: Reference `chap:GOF' on page 1 undefined on input line 98.


LaTeX Warning: Reference `chap:UnivEDACat' on page 1 undefined on input line 10
7.


LaTeX Warning: Reference `chap:BivEDACat' on page 1 undefined on input line 107
.

Package color Info: Redefining color fgcolor on input line 109.
Package color Info: Redefining color warningcolor on input line 109.
Package color Info: Redefining color errorcolor on input line 109.
Package color Info: Redefining color shadecolor on input line 110.
<Figs/chiDist-1.pdf, id=8, 252.945pt x 252.945pt>
File: Figs/chiDist-1.pdf Graphic file (type pdf)
<use Figs/chiDist-1.pdf>
Package pdftex.def Info: Figs/chiDist-1.pdf  used on input line 112.
(pdftex.def)             Requested size: 187.89912pt x 187.90198pt.
[1






{C:/Users/dogle/AppData/Local/MiKTeX/2.9/pdftex/config/pdftex.map}]
Package color Info: Redefining color fgcolor on input line 126.
Package color Info: Redefining color warningcolor on input line 126.
Package color Info: Redefining color errorcolor on input line 126.
Package color Info: Redefining color shadecolor on input line 127.
<Figs/chiarea1-1.pdf, id=35, 252.945pt x 252.945pt>
File: Figs/chiarea1-1.pdf Graphic file (type pdf)
<use Figs/chiarea1-1.pdf>
Package pdftex.def Info: Figs/chiarea1-1.pdf  used on input line 134.
(pdftex.def)             Requested size: 187.89912pt x 187.90198pt.
 [2 <./Figs/chiDist-1.pdf> <./Figs/chiarea1-1.pdf>]

LaTeX Warning: Reference `chap:BivEDACat' on page 3 undefined on input line 151
.


LaTeX Warning: Reference `chap:BivEDACat' on page 3 undefined on input line 171
.

[3]
LaTeX Font Info:    Trying to load font information for OMS+cmr on input line 2
13.
 ("C:\Program Files\MiKTeX 2.9\tex/latex/base\omscmr.fd"
File: omscmr.fd 2014/09/29 v2.5h Standard LaTeX font definitions
)
LaTeX Font Info:    Font shape `OMS/cmr/m/n' in size <10> not available
(Font)              Font shape `OMS/cmsy/m/n' tried instead on input line 213.
 [4]

LaTeX Warning: Reference `sec:11Steps' on page 5 undefined on input line 265.

Package color Info: Redefining color fgcolor on input line 285.
Package color Info: Redefining color warningcolor on input line 285.
Package color Info: Redefining color errorcolor on input line 285.
Package color Info: Redefining color shadecolor on input line 286.
Package minitoc Info: I0009
(minitoc)             Listing minitoc auxiliary files. 
(minitoc)             Creating the IntroStats.maf file.
\openout3 = `IntroStats.maf'.


Package minitoc(hints) Warning: W0024
(minitoc(hints))                Some hints have been written 
(minitoc(hints))                in the IntroStats.log file.

Package atveryend Info: Empty hook `BeforeClearDocument' on input line 306.
[5]
Package atveryend Info: Empty hook `AfterLastShipout' on input line 306.
 (IntroStats.aux

Package pdfbase Warning: Rerun to get internal references right!

(FBMatter/FMatter.aux))
Package atveryend Info: Executing hook `AtVeryEndDocument' on input line 306.
Package atveryend Info: Executing hook `AtEndAfterFileList' on input line 306.


Package rerunfilecheck Warning: File `IntroStats.out' has changed.
(rerunfilecheck)                Rerun to get outlines right
(rerunfilecheck)                or use package `bookmark'.

Package rerunfilecheck Info: Checksums for `IntroStats.out':
(rerunfilecheck)             Before: <no file>
(rerunfilecheck)             After:  99D7842747388AA62415A2E49709E7D7;49.

LaTeX Warning: There were undefined references.

Package atveryend Info: Empty hook `AtVeryVeryEnd' on input line 306.
 ) 
Here is how much of TeX's memory you used:
 22101 strings out of 492450
 367780 string characters out of 3129749
 493691 words of memory out of 3000000
 25941 multiletter control sequences out of 15000+200000
 542243 words of font info for 62 fonts, out of 3000000 for 9000
 1141 hyphenation exceptions out of 8191
 53i,17n,71p,1246b,355s stack positions out of 5000i,500n,10000p,200000b,50000s
<C:/Program Files/MiKTeX 2.9/fonts/type1/public/amsfonts/cm/cmbx10.pfb><C:/Pr
ogram Files/MiKTeX 2.9/fonts/type1/public/amsfonts/cm/cmbx12.pfb><C:/Program Fi
les/MiKTeX 2.9/fonts/type1/public/amsfonts/cm/cmbx9.pfb><C:/Program Files/MiKTe
X 2.9/fonts/type1/public/amsfonts/cm/cmcsc10.pfb><C:/Program Files/MiKTeX 2.9/f
onts/type1/public/amsfonts/cm/cmex10.pfb><C:/Program Files/MiKTeX 2.9/fonts/typ
e1/public/amsfonts/cm/cmmi10.pfb><C:/Program Files/MiKTeX 2.9/fonts/type1/publi
c/amsfonts/cm/cmmi7.pfb><C:/Program Files/MiKTeX 2.9/fonts/type1/public/amsfont
s/cm/cmr10.pfb><C:/Program Files/MiKTeX 2.9/fonts/type1/public/amsfonts/cm/cmr1
7.pfb><C:/Program Files/MiKTeX 2.9/fonts/type1/public/amsfonts/cm/cmr5.pfb><C:/
Program Files/MiKTeX 2.9/fonts/type1/public/amsfonts/cm/cmr6.pfb><C:/Program Fi
les/MiKTeX 2.9/fonts/type1/public/amsfonts/cm/cmr7.pfb><C:/Program Files/MiKTeX
 2.9/fonts/type1/public/amsfonts/cm/cmr8.pfb><C:/Program Files/MiKTeX 2.9/fonts
/type1/public/amsfonts/cm/cmr9.pfb><C:/Program Files/MiKTeX 2.9/fonts/type1/pub
lic/amsfonts/cm/cmsl10.pfb><C:/Program Files/MiKTeX 2.9/fonts/type1/public/amsf
onts/cm/cmsy10.pfb><C:/Program Files/MiKTeX 2.9/fonts/type1/public/amsfonts/cm/
cmsy7.pfb><C:/Program Files/MiKTeX 2.9/fonts/type1/public/amsfonts/cm/cmtt10.pf
b>
Output written on IntroStats.pdf (5 pages, 278078 bytes).
PDF statistics:
 167 PDF objects out of 1000 (max. 8388607)
 33 named destinations out of 1000 (max. 500000)
 11 words of extra memory for PDF output out of 10000 (max. 10000000)

